# JRE version: Java(TM) SE Runtime Environment (13.0.2+8) (build 13.0.2+8)
# Java VM: Java HotSpot(TM) 64-Bit Server VM (13.0.2+8, mixed mode, sharing, tiered, compressed oops, g1 gc, windows-amd64)
Heap:
 garbage-first heap   total 73728K, used 33461K [0x0000000081e00000, 0x0000000100000000)
  region size 1024K, 7 young (7168K), 4 survivors (4096K)
 Metaspace       used 58954K, capacity 60533K, committed 60752K, reserved 1101824K
  class space    used 7736K, capacity 8369K, committed 8448K, reserved 1048576K
GC Heap History (20 events):
Event: 3.699 GC heap before
{Heap before GC invocations=10 (full 0):
 garbage-first heap   total 61440K, used 44047K [0x0000000081e00000, 0x0000000100000000)
  region size 1024K, 25 young (25600K), 1 survivors (1024K)
 Metaspace       used 28063K, capacity 29090K, committed 29232K, reserved 1075200K
  class space    used 3471K, capacity 3901K, committed 3968K, reserved 1048576K
}
Event: 3.701 GC heap after
{Heap after GC invocations=11 (full 0):
 garbage-first heap   total 61440K, used 20440K [0x0000000081e00000, 0x0000000100000000)
  region size 1024K, 1 young (1024K), 1 survivors (1024K)
 Metaspace       used 28063K, capacity 29090K, committed 29232K, reserved 1075200K
  class space    used 3471K, capacity 3901K, committed 3968K, reserved 1048576K
}
Event: 3.921 GC heap before
{Heap before GC invocations=11 (full 0):
 garbage-first heap   total 61440K, used 46040K [0x0000000081e00000, 0x0000000100000000)
  region size 1024K, 26 young (26624K), 1 survivors (1024K)
 Metaspace       used 28741K, capacity 29759K, committed 30128K, reserved 1075200K
  class space    used 3559K, capacity 3975K, committed 4096K, reserved 1048576K
}
Event: 3.923 GC heap after
{Heap after GC invocations=12 (full 0):
 garbage-first heap   total 61440K, used 20587K [0x0000000081e00000, 0x0000000100000000)
  region size 1024K, 1 young (1024K), 1 survivors (1024K)
 Metaspace       used 28741K, capacity 29759K, committed 30128K, reserved 1075200K
  class space    used 3559K, capacity 3975K, committed 4096K, reserved 1048576K
}
Event: 4.357 GC heap before
{Heap before GC invocations=12 (full 0):
 garbage-first heap   total 61440K, used 45163K [0x0000000081e00000, 0x0000000100000000)
  region size 1024K, 26 young (26624K), 1 survivors (1024K)
 Metaspace       used 33153K, capacity 34258K, committed 34480K, reserved 1079296K
  class space    used 4128K, capacity 4579K, committed 4608K, reserved 1048576K
}
Event: 4.361 GC heap after
{Heap after GC invocations=13 (full 0):
 garbage-first heap   total 61440K, used 22019K [0x0000000081e00000, 0x0000000100000000)
  region size 1024K, 3 young (3072K), 3 survivors (3072K)
 Metaspace       used 33153K, capacity 34258K, committed 34480K, reserved 1079296K
  class space    used 4128K, capacity 4579K, committed 4608K, reserved 1048576K
}
Event: 4.538 GC heap before
{Heap before GC invocations=13 (full 0):
 garbage-first heap   total 61440K, used 33283K [0x0000000081e00000, 0x0000000100000000)
  region size 1024K, 15 young (15360K), 3 survivors (3072K)
 Metaspace       used 34767K, capacity 35842K, committed 35920K, reserved 1081344K
  class space    used 4413K, capacity 4850K, committed 4864K, reserved 1048576K
}
Event: 4.541 GC heap after
{Heap after GC invocations=14 (full 0):
 garbage-first heap   total 61440K, used 22348K [0x0000000081e00000, 0x0000000100000000)
  region size 1024K, 3 young (3072K), 3 survivors (3072K)
 Metaspace       used 34767K, capacity 35842K, committed 35920K, reserved 1081344K
  class space    used 4413K, capacity 4850K, committed 4864K, reserved 1048576K
}
Event: 5.435 GC heap before
{Heap before GC invocations=15 (full 0):
 garbage-first heap   total 61440K, used 45900K [0x0000000081e00000, 0x0000000100000000)
  region size 1024K, 27 young (27648K), 3 survivors (3072K)
 Metaspace       used 41472K, capacity 42668K, committed 42928K, reserved 1087488K
  class space    used 5343K, capacity 5828K, committed 5888K, reserved 1048576K
}
Event: 5.439 GC heap after
{Heap after GC invocations=16 (full 0):
 garbage-first heap   total 61440K, used 23718K [0x0000000081e00000, 0x0000000100000000)
  region size 1024K, 4 young (4096K), 4 survivors (4096K)
 Metaspace       used 41472K, capacity 42668K, committed 42928K, reserved 1087488K
  class space    used 5343K, capacity 5828K, committed 5888K, reserved 1048576K
}
Event: 5.965 GC heap before
{Heap before GC invocations=16 (full 0):
 garbage-first heap   total 61440K, used 47270K [0x0000000081e00000, 0x0000000100000000)
  region size 1024K, 28 young (28672K), 4 survivors (4096K)
 Metaspace       used 45845K, capacity 47089K, committed 47408K, reserved 1089536K
  class space    used 5931K, capacity 6422K, committed 6528K, reserved 1048576K
}
Event: 5.968 GC heap after
{Heap after GC invocations=17 (full 0):
 garbage-first heap   total 61440K, used 25641K [0x0000000081e00000, 0x0000000100000000)
  region size 1024K, 4 young (4096K), 4 survivors (4096K)
 Metaspace       used 45845K, capacity 47089K, committed 47408K, reserved 1089536K
  class space    used 5931K, capacity 6422K, committed 6528K, reserved 1048576K
}
Event: 6.182 GC heap before
{Heap before GC invocations=17 (full 0):
 garbage-first heap   total 61440K, used 48169K [0x0000000081e00000, 0x0000000100000000)
  region size 1024K, 26 young (26624K), 4 survivors (4096K)
 Metaspace       used 49332K, capacity 50530K, committed 50736K, reserved 1093632K
  class space    used 6443K, capacity 6947K, committed 7040K, reserved 1048576K
}
Event: 6.185 GC heap after
{Heap after GC invocations=18 (full 0):
 garbage-first heap   total 61440K, used 26547K [0x0000000081e00000, 0x0000000100000000)
  region size 1024K, 3 young (3072K), 3 survivors (3072K)
 Metaspace       used 49332K, capacity 50530K, committed 50736K, reserved 1093632K
  class space    used 6443K, capacity 6947K, committed 7040K, reserved 1048576K
}
Event: 6.413 GC heap before
{Heap before GC invocations=18 (full 0):
 garbage-first heap   total 61440K, used 49075K [0x0000000081e00000, 0x0000000100000000)
  region size 1024K, 25 young (25600K), 3 survivors (3072K)
 Metaspace       used 51826K, capacity 53072K, committed 53296K, reserved 1095680K
  class space    used 6810K, capacity 7283K, committed 7296K, reserved 1048576K
}
Event: 6.416 GC heap after
{Heap after GC invocations=19 (full 0):
 garbage-first heap   total 73728K, used 27095K [0x0000000081e00000, 0x0000000100000000)
  region size 1024K, 2 young (2048K), 2 survivors (2048K)
 Metaspace       used 51826K, capacity 53072K, committed 53296K, reserved 1095680K
  class space    used 6810K, capacity 7283K, committed 7296K, reserved 1048576K
}
Event: 9.542 GC heap before
{Heap before GC invocations=19 (full 0):
 garbage-first heap   total 73728K, used 54743K [0x0000000081e00000, 0x0000000100000000)
  region size 1024K, 29 young (29696K), 2 survivors (2048K)
 Metaspace       used 53785K, capacity 55078K, committed 55088K, reserved 1097728K
  class space    used 7051K, capacity 7544K, committed 7552K, reserved 1048576K
}
Event: 9.544 GC heap after
{Heap after GC invocations=20 (full 0):
 garbage-first heap   total 73728K, used 28262K [0x0000000081e00000, 0x0000000100000000)
  region size 1024K, 3 young (3072K), 3 survivors (3072K)
 Metaspace       used 53785K, capacity 55078K, committed 55088K, reserved 1097728K
  class space    used 7051K, capacity 7544K, committed 7552K, reserved 1048576K
}
Event: 9.968 GC heap before
{Heap before GC invocations=20 (full 0):
 garbage-first heap   total 73728K, used 55910K [0x0000000081e00000, 0x0000000100000000)
  region size 1024K, 30 young (30720K), 3 survivors (3072K)
 Metaspace       used 56561K, capacity 58047K, committed 58160K, reserved 1099776K
  class space    used 7414K, capacity 8014K, committed 8064K, reserved 1048576K
}
Event: 9.972 GC heap after
{Heap after GC invocations=21 (full 0):
 garbage-first heap   total 73728K, used 29979K [0x0000000081e00000, 0x0000000100000000)
  region size 1024K, 4 young (4096K), 4 survivors (4096K)
 Metaspace       used 56561K, capacity 58047K, committed 58160K, reserved 1099776K
  class space    used 7414K, capacity 8014K, committed 8064K, reserved 1048576K
}

