# JRE version: Java(TM) SE Runtime Environment (13.0.2+8) (build 13.0.2+8)
# Java VM: Java HotSpot(TM) 64-Bit Server VM (13.0.2+8, mixed mode, sharing, tiered, compressed oops, g1 gc, windows-amd64)
Heap:
 garbage-first heap   total 70656K, used 41788K [0x0000000081e00000, 0x0000000100000000)
  region size 1024K, 23 young (23552K), 4 survivors (4096K)
 Metaspace       used 51991K, capacity 53227K, committed 53420K, reserved 1095680K
  class space    used 6882K, capacity 7376K, committed 7424K, reserved 1048576K
GC Heap History (20 events):
Event: 2.355 GC heap before
{Heap before GC invocations=6 (full 0):
 garbage-first heap   total 58368K, used 40575K [0x0000000081e00000, 0x0000000100000000)
  region size 1024K, 31 young (31744K), 4 survivors (4096K)
 Metaspace       used 25789K, capacity 26814K, committed 27008K, reserved 1073152K
  class space    used 3232K, capacity 3655K, committed 3712K, reserved 1048576K
}
Event: 2.359 GC heap after
{Heap after GC invocations=7 (full 0):
 garbage-first heap   total 58368K, used 14603K [0x0000000081e00000, 0x0000000100000000)
  region size 1024K, 3 young (3072K), 3 survivors (3072K)
 Metaspace       used 25789K, capacity 26814K, committed 27008K, reserved 1073152K
  class space    used 3232K, capacity 3655K, committed 3712K, reserved 1048576K
}
Event: 2.427 GC heap before
{Heap before GC invocations=7 (full 0):
 garbage-first heap   total 58368K, used 41227K [0x0000000081e00000, 0x0000000100000000)
  region size 1024K, 30 young (30720K), 3 survivors (3072K)
 Metaspace       used 26451K, capacity 27487K, committed 27648K, reserved 1073152K
  class space    used 3292K, capacity 3730K, committed 3840K, reserved 1048576K
}
Event: 2.430 GC heap after
{Heap after GC invocations=8 (full 0):
 garbage-first heap   total 58368K, used 15293K [0x0000000081e00000, 0x0000000100000000)
  region size 1024K, 2 young (2048K), 2 survivors (2048K)
 Metaspace       used 26451K, capacity 27487K, committed 27648K, reserved 1073152K
  class space    used 3292K, capacity 3730K, committed 3840K, reserved 1048576K
}
Event: 2.436 GC heap before
{Heap before GC invocations=8 (full 0):
 garbage-first heap   total 58368K, used 41917K [0x0000000081e00000, 0x0000000100000000)
  region size 1024K, 29 young (29696K), 2 survivors (2048K)
 Metaspace       used 26456K, capacity 27487K, committed 27648K, reserved 1073152K
  class space    used 3292K, capacity 3730K, committed 3840K, reserved 1048576K
}
Event: 2.437 GC heap after
{Heap after GC invocations=9 (full 0):
 garbage-first heap   total 58368K, used 15257K [0x0000000081e00000, 0x0000000100000000)
  region size 1024K, 2 young (2048K), 2 survivors (2048K)
 Metaspace       used 26456K, capacity 27487K, committed 27648K, reserved 1073152K
  class space    used 3292K, capacity 3730K, committed 3840K, reserved 1048576K
}
Event: 2.703 GC heap before
{Heap before GC invocations=9 (full 0):
 garbage-first heap   total 58368K, used 41881K [0x0000000081e00000, 0x0000000100000000)
  region size 1024K, 29 young (29696K), 2 survivors (2048K)
 Metaspace       used 29544K, capacity 30628K, committed 30848K, reserved 1075200K
  class space    used 3675K, capacity 4140K, committed 4224K, reserved 1048576K
}
Event: 2.706 GC heap after
{Heap after GC invocations=10 (full 0):
 garbage-first heap   total 58368K, used 16330K [0x0000000081e00000, 0x0000000100000000)
  region size 1024K, 3 young (3072K), 3 survivors (3072K)
 Metaspace       used 29544K, capacity 30628K, committed 30848K, reserved 1075200K
  class space    used 3675K, capacity 4140K, committed 4224K, reserved 1048576K
}
Event: 2.986 GC heap before
{Heap before GC invocations=10 (full 0):
 garbage-first heap   total 58368K, used 43978K [0x0000000081e00000, 0x0000000100000000)
  region size 1024K, 30 young (30720K), 3 survivors (3072K)
 Metaspace       used 33671K, capacity 34803K, committed 35072K, reserved 1079296K
  class space    used 4356K, capacity 4803K, committed 4864K, reserved 1048576K
}
Event: 2.989 GC heap after
{Heap after GC invocations=11 (full 0):
 garbage-first heap   total 58368K, used 17133K [0x0000000081e00000, 0x0000000100000000)
  region size 1024K, 3 young (3072K), 3 survivors (3072K)
 Metaspace       used 33671K, capacity 34803K, committed 35072K, reserved 1079296K
  class space    used 4356K, capacity 4803K, committed 4864K, reserved 1048576K
}
Event: 3.027 GC heap before
{Heap before GC invocations=11 (full 0):
 garbage-first heap   total 58368K, used 21229K [0x0000000081e00000, 0x0000000100000000)
  region size 1024K, 8 young (8192K), 3 survivors (3072K)
 Metaspace       used 34441K, capacity 35557K, committed 35628K, reserved 1079296K
  class space    used 4496K, capacity 4969K, committed 4992K, reserved 1048576K
}
Event: 3.029 GC heap after
{Heap after GC invocations=12 (full 0):
 garbage-first heap   total 58368K, used 17374K [0x0000000081e00000, 0x0000000100000000)
  region size 1024K, 3 young (3072K), 3 survivors (3072K)
 Metaspace       used 34441K, capacity 35557K, committed 35628K, reserved 1079296K
  class space    used 4496K, capacity 4969K, committed 4992K, reserved 1048576K
}
Event: 4.113 GC heap before
{Heap before GC invocations=13 (full 0):
 garbage-first heap   total 58368K, used 40926K [0x0000000081e00000, 0x0000000100000000)
  region size 1024K, 26 young (26624K), 3 survivors (3072K)
 Metaspace       used 41305K, capacity 42527K, committed 42668K, reserved 1085440K
  class space    used 5342K, capacity 5822K, committed 5888K, reserved 1048576K
}
Event: 4.117 GC heap after
{Heap after GC invocations=14 (full 0):
 garbage-first heap   total 70656K, used 19389K [0x0000000081e00000, 0x0000000100000000)
  region size 1024K, 4 young (4096K), 4 survivors (4096K)
 Metaspace       used 41305K, capacity 42527K, committed 42668K, reserved 1085440K
  class space    used 5342K, capacity 5822K, committed 5888K, reserved 1048576K
}
Event: 4.661 GC heap before
{Heap before GC invocations=14 (full 0):
 garbage-first heap   total 70656K, used 49085K [0x0000000081e00000, 0x0000000100000000)
  region size 1024K, 33 young (33792K), 4 survivors (4096K)
 Metaspace       used 46642K, capacity 47867K, committed 47916K, reserved 1091584K
  class space    used 6018K, capacity 6510K, committed 6528K, reserved 1048576K
}
Event: 4.664 GC heap after
{Heap after GC invocations=15 (full 0):
 garbage-first heap   total 70656K, used 20964K [0x0000000081e00000, 0x0000000100000000)
  region size 1024K, 4 young (4096K), 4 survivors (4096K)
 Metaspace       used 46642K, capacity 47867K, committed 47916K, reserved 1091584K
  class space    used 6018K, capacity 6510K, committed 6528K, reserved 1048576K
}
Event: 5.078 GC heap before
{Heap before GC invocations=15 (full 0):
 garbage-first heap   total 70656K, used 51684K [0x0000000081e00000, 0x0000000100000000)
  region size 1024K, 34 young (34816K), 4 survivors (4096K)
 Metaspace       used 50427K, capacity 51613K, committed 51884K, reserved 1093632K
  class space    used 6644K, capacity 7138K, committed 7168K, reserved 1048576K
}
Event: 5.081 GC heap after
{Heap after GC invocations=16 (full 0):
 garbage-first heap   total 70656K, used 21873K [0x0000000081e00000, 0x0000000100000000)
  region size 1024K, 3 young (3072K), 3 survivors (3072K)
 Metaspace       used 50427K, capacity 51613K, committed 51884K, reserved 1093632K
  class space    used 6644K, capacity 7138K, committed 7168K, reserved 1048576K
}
Event: 10.202 GC heap before
{Heap before GC invocations=16 (full 0):
 garbage-first heap   total 70656K, used 52593K [0x0000000081e00000, 0x0000000100000000)
  region size 1024K, 33 young (33792K), 3 survivors (3072K)
 Metaspace       used 51568K, capacity 52780K, committed 52908K, reserved 1095680K
  class space    used 6835K, capacity 7335K, committed 7424K, reserved 1048576K
}
Event: 10.207 GC heap after
{Heap after GC invocations=17 (full 0):
 garbage-first heap   total 70656K, used 23356K [0x0000000081e00000, 0x0000000100000000)
  region size 1024K, 4 young (4096K), 4 survivors (4096K)
 Metaspace       used 51568K, capacity 52780K, committed 52908K, reserved 1095680K
  class space    used 6835K, capacity 7335K, committed 7424K, reserved 1048576K
}

