# JRE version: Java(TM) SE Runtime Environment (13.0.2+8) (build 13.0.2+8)
# Java VM: Java HotSpot(TM) 64-Bit Server VM (13.0.2+8, mixed mode, sharing, tiered, compressed oops, g1 gc, windows-amd64)
Heap:
 garbage-first heap   total 70656K, used 21589K [0x0000000081e00000, 0x0000000100000000)
  region size 1024K, 2 young (2048K), 2 survivors (2048K)
 Metaspace       used 50857K, capacity 52063K, committed 52268K, reserved 1093632K
  class space    used 6723K, capacity 7203K, committed 7296K, reserved 1048576K
GC Heap History (20 events):
Event: 2.647 GC heap after
{Heap after GC invocations=6 (full 0):
 garbage-first heap   total 48128K, used 14021K [0x0000000081e00000, 0x0000000100000000)
  region size 1024K, 4 young (4096K), 4 survivors (4096K)
 Metaspace       used 23916K, capacity 24895K, committed 24960K, reserved 1071104K
  class space    used 3034K, capacity 3419K, committed 3456K, reserved 1048576K
}
Event: 2.966 GC heap before
{Heap before GC invocations=6 (full 0):
 garbage-first heap   total 48128K, used 33477K [0x0000000081e00000, 0x0000000100000000)
  region size 1024K, 24 young (24576K), 4 survivors (4096K)
 Metaspace       used 25778K, capacity 26816K, committed 27008K, reserved 1073152K
  class space    used 3228K, capacity 3655K, committed 3712K, reserved 1048576K
}
Event: 2.969 GC heap after
{Heap after GC invocations=7 (full 0):
 garbage-first heap   total 58368K, used 14698K [0x0000000081e00000, 0x0000000100000000)
  region size 1024K, 2 young (2048K), 2 survivors (2048K)
 Metaspace       used 25778K, capacity 26816K, committed 27008K, reserved 1073152K
  class space    used 3228K, capacity 3655K, committed 3712K, reserved 1048576K
}
Event: 2.975 GC heap before
{Heap before GC invocations=7 (full 0):
 garbage-first heap   total 58368K, used 39274K [0x0000000081e00000, 0x0000000100000000)
  region size 1024K, 27 young (27648K), 2 survivors (2048K)
 Metaspace       used 25778K, capacity 26816K, committed 27008K, reserved 1073152K
  class space    used 3228K, capacity 3655K, committed 3712K, reserved 1048576K
}
Event: 2.976 GC heap after
{Heap after GC invocations=8 (full 0):
 garbage-first heap   total 58368K, used 14529K [0x0000000081e00000, 0x0000000100000000)
  region size 1024K, 1 young (1024K), 1 survivors (1024K)
 Metaspace       used 25778K, capacity 26816K, committed 27008K, reserved 1073152K
  class space    used 3228K, capacity 3655K, committed 3712K, reserved 1048576K
}
Event: 3.035 GC heap before
{Heap before GC invocations=8 (full 0):
 garbage-first heap   total 58368K, used 41153K [0x0000000081e00000, 0x0000000100000000)
  region size 1024K, 28 young (28672K), 1 survivors (1024K)
 Metaspace       used 26442K, capacity 27425K, committed 27648K, reserved 1073152K
  class space    used 3288K, capacity 3730K, committed 3840K, reserved 1048576K
}
Event: 3.036 GC heap after
{Heap after GC invocations=9 (full 0):
 garbage-first heap   total 58368K, used 14755K [0x0000000081e00000, 0x0000000100000000)
  region size 1024K, 2 young (2048K), 2 survivors (2048K)
 Metaspace       used 26442K, capacity 27425K, committed 27648K, reserved 1073152K
  class space    used 3288K, capacity 3730K, committed 3840K, reserved 1048576K
}
Event: 3.170 GC heap before
{Heap before GC invocations=9 (full 0):
 garbage-first heap   total 58368K, used 41379K [0x0000000081e00000, 0x0000000100000000)
  region size 1024K, 29 young (29696K), 2 survivors (2048K)
 Metaspace       used 27361K, capacity 28487K, committed 28800K, reserved 1075200K
  class space    used 3411K, capacity 3851K, committed 3968K, reserved 1048576K
}
Event: 3.172 GC heap after
{Heap after GC invocations=10 (full 0):
 garbage-first heap   total 58368K, used 15083K [0x0000000081e00000, 0x0000000100000000)
  region size 1024K, 2 young (2048K), 2 survivors (2048K)
 Metaspace       used 27361K, capacity 28487K, committed 28800K, reserved 1075200K
  class space    used 3411K, capacity 3851K, committed 3968K, reserved 1048576K
}
Event: 3.484 GC heap before
{Heap before GC invocations=10 (full 0):
 garbage-first heap   total 58368K, used 42731K [0x0000000081e00000, 0x0000000100000000)
  region size 1024K, 29 young (29696K), 2 survivors (2048K)
 Metaspace       used 32394K, capacity 33510K, committed 33792K, reserved 1079296K
  class space    used 4113K, capacity 4565K, committed 4608K, reserved 1048576K
}
Event: 3.486 GC heap after
{Heap after GC invocations=11 (full 0):
 garbage-first heap   total 58368K, used 16529K [0x0000000081e00000, 0x0000000100000000)
  region size 1024K, 3 young (3072K), 3 survivors (3072K)
 Metaspace       used 32394K, capacity 33510K, committed 33792K, reserved 1079296K
  class space    used 4113K, capacity 4565K, committed 4608K, reserved 1048576K
}
Event: 3.595 GC heap before
{Heap before GC invocations=11 (full 0):
 garbage-first heap   total 58368K, used 28817K [0x0000000081e00000, 0x0000000100000000)
  region size 1024K, 16 young (16384K), 3 survivors (3072K)
 Metaspace       used 34439K, capacity 35558K, committed 35628K, reserved 1079296K
  class space    used 4497K, capacity 4969K, committed 4992K, reserved 1048576K
}
Event: 3.598 GC heap after
{Heap after GC invocations=12 (full 0):
 garbage-first heap   total 58368K, used 17065K [0x0000000081e00000, 0x0000000100000000)
  region size 1024K, 3 young (3072K), 3 survivors (3072K)
 Metaspace       used 34439K, capacity 35558K, committed 35628K, reserved 1079296K
  class space    used 4497K, capacity 4969K, committed 4992K, reserved 1048576K
}
Event: 3.906 GC heap before
{Heap before GC invocations=13 (full 0):
 garbage-first heap   total 58368K, used 37545K [0x0000000081e00000, 0x0000000100000000)
  region size 1024K, 24 young (24576K), 3 survivors (3072K)
 Metaspace       used 41385K, capacity 42584K, committed 42668K, reserved 1085440K
  class space    used 5384K, capacity 5885K, committed 5888K, reserved 1048576K
}
Event: 3.909 GC heap after
{Heap after GC invocations=14 (full 0):
 garbage-first heap   total 58368K, used 18447K [0x0000000081e00000, 0x0000000100000000)
  region size 1024K, 2 young (2048K), 2 survivors (2048K)
 Metaspace       used 41385K, capacity 42584K, committed 42668K, reserved 1085440K
  class space    used 5384K, capacity 5885K, committed 5888K, reserved 1048576K
}
Event: 4.163 GC heap before
{Heap before GC invocations=14 (full 0):
 garbage-first heap   total 58368K, used 40975K [0x0000000081e00000, 0x0000000100000000)
  region size 1024K, 24 young (24576K), 2 survivors (2048K)
 Metaspace       used 45095K, capacity 46349K, committed 46508K, reserved 1089536K
  class space    used 5834K, capacity 6346K, committed 6400K, reserved 1048576K
}
Event: 4.166 GC heap after
{Heap after GC invocations=15 (full 0):
 garbage-first heap   total 58368K, used 20296K [0x0000000081e00000, 0x0000000100000000)
  region size 1024K, 2 young (2048K), 2 survivors (2048K)
 Metaspace       used 45095K, capacity 46349K, committed 46508K, reserved 1089536K
  class space    used 5834K, capacity 6346K, committed 6400K, reserved 1048576K
}
Event: 4.337 GC heap before
{Heap before GC invocations=15 (full 0):
 garbage-first heap   total 58368K, used 41800K [0x0000000081e00000, 0x0000000100000000)
  region size 1024K, 23 young (23552K), 2 survivors (2048K)
 Metaspace       used 48405K, capacity 49652K, committed 49836K, reserved 1091584K
  class space    used 6375K, capacity 6868K, committed 6912K, reserved 1048576K
}
Event: 4.339 GC heap after
{Heap after GC invocations=16 (full 0):
 garbage-first heap   total 58368K, used 21060K [0x0000000081e00000, 0x0000000100000000)
  region size 1024K, 1 young (1024K), 1 survivors (1024K)
 Metaspace       used 48405K, capacity 49652K, committed 49836K, reserved 1091584K
  class space    used 6375K, capacity 6868K, committed 6912K, reserved 1048576K
}
Event: 4.550 GC heap before
{Heap before GC invocations=16 (full 0):
 garbage-first heap   total 58368K, used 42564K [0x0000000081e00000, 0x0000000100000000)
  region size 1024K, 22 young (22528K), 1 survivors (1024K)
 Metaspace       used 50857K, capacity 52063K, committed 52268K, reserved 1093632K
  class space    used 6723K, capacity 7203K, committed 7296K, reserved 1048576K
}

